{"numFailedTestSuites":0,"numFailedTests":0,"numPassedTestSuites":5,"numPassedTests":10,"numPendingTestSuites":0,"numPendingTests":0,"numRuntimeErrorTestSuites":0,"numTodoTests":0,"numTotalTestSuites":5,"numTotalTests":10,"openHandles":[],"snapshot":{"added":0,"didUpdate":false,"failure":false,"filesAdded":0,"filesRemoved":0,"filesRemovedList":[],"filesUnmatched":0,"filesUpdated":0,"matched":0,"total":0,"unchecked":0,"uncheckedKeysByFile":[],"unmatched":0,"updated":0},"startTime":1752582529725,"success":true,"testResults":[{"assertionResults":[{"ancestorTitles":["AnnotatePage PDF upload"],"duration":159,"failureDetails":[],"failureMessages":[],"fullName":"AnnotatePage PDF upload renders an image for each PDF page uploaded","invocations":1,"location":null,"numPassingAsserts":2,"retryReasons":[],"status":"passed","title":"renders an image for each PDF page uploaded"}],"endTime":1752582531675,"message":"","name":"/Users/samuelheinrichs/Projects/annotator/src/__tests__/Home.test.js","startTime":1752582530515,"status":"passed","summary":""},{"assertionResults":[{"ancestorTitles":["ObjectRegistry CRUD"],"duration":52,"failureDetails":[],"failureMessages":[],"fullName":"ObjectRegistry CRUD allows creating a new object and persisting it","invocations":1,"location":null,"numPassingAsserts":5,"retryReasons":[],"status":"passed","title":"allows creating a new object and persisting it"},{"ancestorTitles":["ObjectRegistry CRUD"],"duration":11,"failureDetails":[],"failureMessages":[],"fullName":"ObjectRegistry CRUD allows deleting an object","invocations":1,"location":null,"numPassingAsserts":3,"retryReasons":[],"status":"passed","title":"allows deleting an object"}],"endTime":1752582532133,"message":"","name":"/Users/samuelheinrichs/Projects/annotator/src/__tests__/ObjectRegistry.test.js","startTime":1752582531730,"status":"passed","summary":""},{"assertionResults":[{"ancestorTitles":["ImageAnnotator"],"duration":11,"failureDetails":[],"failureMessages":[],"fullName":"ImageAnnotator calls onAddAnnotation with correct relative coordinates","invocations":1,"location":null,"numPassingAsserts":7,"retryReasons":[],"status":"passed","title":"calls onAddAnnotation with correct relative coordinates"},{"ancestorTitles":["ImageAnnotator"],"duration":11,"failureDetails":[],"failureMessages":[],"fullName":"ImageAnnotator removes annotation on click","invocations":1,"location":null,"numPassingAsserts":1,"retryReasons":[],"status":"passed","title":"removes annotation on click"}],"endTime":1752582532544,"message":"","name":"/Users/samuelheinrichs/Projects/annotator/src/__tests__/ImageAnnotator.test.js","startTime":1752582532161,"status":"passed","summary":""},{"assertionResults":[{"ancestorTitles":["buildZodSchema"],"duration":1,"failureDetails":[],"failureMessages":[],"fullName":"buildZodSchema creates a Zod schema for simple object","invocations":1,"location":null,"numPassingAsserts":3,"retryReasons":[],"status":"passed","title":"creates a Zod schema for simple object"},{"ancestorTitles":["buildZodSchema"],"duration":1,"failureDetails":[],"failureMessages":[],"fullName":"buildZodSchema handles nested object arrays","invocations":1,"location":null,"numPassingAsserts":1,"retryReasons":[],"status":"passed","title":"handles nested object arrays"}],"endTime":1752582532747,"message":"","name":"/Users/samuelheinrichs/Projects/annotator/src/__tests__/OpenAIParser.test.js","startTime":1752582532551,"status":"passed","summary":""},{"assertionResults":[{"ancestorTitles":["generateZodSchemaString"],"duration":0,"failureDetails":[],"failureMessages":[],"fullName":"generateZodSchemaString creates a valid schema string for primitive fields","invocations":1,"location":null,"numPassingAsserts":4,"retryReasons":[],"status":"passed","title":"creates a valid schema string for primitive fields"},{"ancestorTitles":["generateZodSchemaString"],"duration":2,"failureDetails":[],"failureMessages":[],"fullName":"generateZodSchemaString supports array types","invocations":1,"location":null,"numPassingAsserts":1,"retryReasons":[],"status":"passed","title":"supports array types"},{"ancestorTitles":["generateZodSchemaString"],"duration":0,"failureDetails":[],"failureMessages":[],"fullName":"generateZodSchemaString handles array of subobjects","invocations":1,"location":null,"numPassingAsserts":1,"retryReasons":[],"status":"passed","title":"handles array of subobjects"}],"endTime":1752582532947,"message":"","name":"/Users/samuelheinrichs/Projects/annotator/src/__tests__/ZodGenerator.test.js","startTime":1752582532753,"status":"passed","summary":""}],"wasInterrupted":false}
